2024-03-01 17:55:08.7204 DEBUG Hosting starting
2024-03-01 17:55:09.0546 INFO User profile is available. Using 'C:\Users\hp\AppData\Local\ASP.NET\DataProtection-Keys' as key repository and Windows DPAPI to encrypt keys at rest.
2024-03-01 17:55:10.2907 DEBUG Reading data from file 'C:\Users\hp\AppData\Local\ASP.NET\DataProtection-Keys\key-35ca1865-0e97-433f-af20-e7f7d6798587.xml'.
2024-03-01 17:55:10.3238 DEBUG Found key {35ca1865-0e97-433f-af20-e7f7d6798587}.
2024-03-01 17:55:10.3571 DEBUG Considering key {35ca1865-0e97-433f-af20-e7f7d6798587} with expiration date 2024-05-23 17:29:07Z as default key.
2024-03-01 17:55:10.4804 DEBUG Forwarded activator type request from Microsoft.AspNetCore.DataProtection.XmlEncryption.DpapiXmlDecryptor, Microsoft.AspNetCore.DataProtection, Version=3.1.32.0, Culture=neutral, PublicKeyToken=adb9793829ddae60 to Microsoft.AspNetCore.DataProtection.XmlEncryption.DpapiXmlDecryptor, Microsoft.AspNetCore.DataProtection, Culture=neutral, PublicKeyToken=adb9793829ddae60
2024-03-01 17:55:10.5071 DEBUG Decrypting secret element using Windows DPAPI.
2024-03-01 17:55:10.5105 DEBUG Forwarded activator type request from Microsoft.AspNetCore.DataProtection.AuthenticatedEncryption.ConfigurationModel.AuthenticatedEncryptorDescriptorDeserializer, Microsoft.AspNetCore.DataProtection, Version=3.1.32.0, Culture=neutral, PublicKeyToken=adb9793829ddae60 to Microsoft.AspNetCore.DataProtection.AuthenticatedEncryption.ConfigurationModel.AuthenticatedEncryptorDescriptorDeserializer, Microsoft.AspNetCore.DataProtection, Culture=neutral, PublicKeyToken=adb9793829ddae60
2024-03-01 17:55:10.5105 DEBUG Opening CNG algorithm 'AES' from provider '(null)' with chaining mode CBC.
2024-03-01 17:55:10.5105 DEBUG Opening CNG algorithm 'SHA256' from provider '(null)' with HMAC.
2024-03-01 17:55:10.5341 DEBUG Using key {35ca1865-0e97-433f-af20-e7f7d6798587} as the default key.
2024-03-01 17:55:10.5341 DEBUG Key ring with default key {35ca1865-0e97-433f-af20-e7f7d6798587} was loaded during application startup.
2024-03-01 17:55:10.5529 DEBUG Starting host: rabbitmq://localhost/
2024-03-01 17:55:10.6970 DEBUG Connect: guest@localhost:5672/
2024-03-01 17:55:11.2468 DEBUG Connected: guest@localhost:5672/ (address: amqp://localhost:5672, local: 59442)
2024-03-01 17:55:11.5758 DEBUG Loaded hosting startup assembly FundoNotes
2024-03-01 17:55:11.5758 DEBUG Loaded hosting startup assembly Microsoft.AspNetCore.Watch.BrowserRefresh
2024-03-01 17:55:11.5758 DEBUG Loaded hosting startup assembly Microsoft.WebTools.BrowserLink.Net
2024-03-01 17:55:11.5758 INFO Application started. Press Ctrl+C to shut down.
2024-03-01 17:55:11.5758 INFO Hosting environment: Development
2024-03-01 17:55:11.5758 INFO Content root path: C:\Users\hp\OneDrive\Desktop\javascript\FundoNotes\FundoNotes
2024-03-01 17:55:11.5758 DEBUG Hosting started
2024-03-01 17:55:11.6912 INFO Request starting HTTP/2.0 GET https://localhost:44339/swagger/index.html  
2024-03-01 17:55:12.2141 DEBUG Wildcard detected, all requests with hosts will be allowed.
2024-03-01 17:55:12.4082 DEBUG AuthenticationScheme: Bearer was not authenticated.
2024-03-01 17:55:12.5651 DEBUG Response markup is scheduled to include Browser Link script injection.
2024-03-01 17:55:12.5651 DEBUG Response markup is scheduled to include browser refresh script injection.
2024-03-01 17:55:12.6832 DEBUG Response markup was updated to include Browser Link script injection.
2024-03-01 17:55:12.6832 DEBUG Response markup was updated to include browser refresh script injection.
2024-03-01 17:55:12.6832 INFO Request finished in 1009.8031ms 200 text/html;charset=utf-8
2024-03-01 17:55:12.8684 INFO Request starting HTTP/2.0 GET https://localhost:44339/_framework/aspnetcore-browser-refresh.js  
2024-03-01 17:55:12.8812 INFO Request finished in 12.7388ms 200 application/javascript; charset=utf-8
2024-03-01 17:55:12.8874 INFO Request starting HTTP/2.0 GET https://localhost:44339/_vs/browserLink  
2024-03-01 17:55:13.0728 INFO Request finished in 185.4094ms 200 text/javascript; charset=UTF-8
2024-03-01 17:55:13.1795 INFO Request starting HTTP/2.0 GET https://localhost:44339/swagger/v1/swagger.json  
2024-03-01 17:55:13.1795 DEBUG AuthenticationScheme: Bearer was not authenticated.
2024-03-01 17:55:13.5003 INFO Request finished in 320.7892ms 200 application/json;charset=utf-8
2024-03-01 17:55:22.6793 INFO Request starting HTTP/2.0 POST https://localhost:44339/api/User/Reg application/json 96
2024-03-01 17:55:22.6904 DEBUG AuthenticationScheme: Bearer was not authenticated.
2024-03-01 17:55:22.6971 DEBUG POST requests are not supported
2024-03-01 17:55:22.8029 DEBUG 1 candidate(s) found for the request path '/api/User/Reg'
2024-03-01 17:55:22.8105 DEBUG Endpoint 'FundoNotes.Controllers.UserController.Registration (FundoNotes)' with route pattern 'api/User/Reg' is valid for the request path '/api/User/Reg'
2024-03-01 17:55:22.8105 DEBUG Request matched endpoint 'FundoNotes.Controllers.UserController.Registration (FundoNotes)'
2024-03-01 17:55:22.8105 INFO Executing endpoint 'FundoNotes.Controllers.UserController.Registration (FundoNotes)'
2024-03-01 17:55:22.8391 DEBUG Registered model binder providers, in the following order: Microsoft.AspNetCore.Mvc.ModelBinding.Binders.BinderTypeModelBinderProvider, Microsoft.AspNetCore.Mvc.ModelBinding.Binders.ServicesModelBinderProvider, Microsoft.AspNetCore.Mvc.ModelBinding.Binders.BodyModelBinderProvider, Microsoft.AspNetCore.Mvc.ModelBinding.Binders.HeaderModelBinderProvider, Microsoft.AspNetCore.Mvc.ModelBinding.Binders.FloatingPointTypeModelBinderProvider, Microsoft.AspNetCore.Mvc.ModelBinding.Binders.EnumTypeModelBinderProvider, Microsoft.AspNetCore.Mvc.ModelBinding.Binders.SimpleTypeModelBinderProvider, Microsoft.AspNetCore.Mvc.ModelBinding.Binders.CancellationTokenModelBinderProvider, Microsoft.AspNetCore.Mvc.ModelBinding.Binders.ByteArrayModelBinderProvider, Microsoft.AspNetCore.Mvc.ModelBinding.Binders.FormFileModelBinderProvider, Microsoft.AspNetCore.Mvc.ModelBinding.Binders.FormCollectionModelBinderProvider, Microsoft.AspNetCore.Mvc.ModelBinding.Binders.KeyValuePairModelBinderProvider, Microsoft.AspNetCore.Mvc.ModelBinding.Binders.DictionaryModelBinderProvider, Microsoft.AspNetCore.Mvc.ModelBinding.Binders.ArrayModelBinderProvider, Microsoft.AspNetCore.Mvc.ModelBinding.Binders.CollectionModelBinderProvider, Microsoft.AspNetCore.Mvc.ModelBinding.Binders.ComplexTypeModelBinderProvider
2024-03-01 17:55:22.9121 INFO Route matched with {action = "Registration", controller = "User"}. Executing controller action with signature Microsoft.AspNetCore.Mvc.ActionResult Registration(Common_Layer.RequestModel.RegisterModel) on controller FundoNotes.Controllers.UserController (FundoNotes).
2024-03-01 17:55:22.9121 DEBUG Execution plan of authorization filters (in the following order): None
2024-03-01 17:55:22.9121 DEBUG Execution plan of resource filters (in the following order): None
2024-03-01 17:55:22.9121 DEBUG Execution plan of action filters (in the following order): Microsoft.AspNetCore.Mvc.ModelBinding.UnsupportedContentTypeFilter (Order: -3000), Microsoft.AspNetCore.Mvc.Infrastructure.ModelStateInvalidFilter (Order: -2000)
2024-03-01 17:55:22.9121 DEBUG Execution plan of exception filters (in the following order): None
2024-03-01 17:55:22.9162 DEBUG Execution plan of result filters (in the following order): Microsoft.AspNetCore.Mvc.Infrastructure.ClientErrorResultFilter (Order: -2000)
2024-03-01 17:55:22.9162 DEBUG Executing controller factory for controller FundoNotes.Controllers.UserController (FundoNotes)
2024-03-01 17:55:23.3703 DEBUG An 'IServiceProvider' was created for internal use by Entity Framework.
2024-03-01 17:55:23.4205 DEBUG Executed controller factory for controller FundoNotes.Controllers.UserController (FundoNotes)
2024-03-01 17:55:23.4367 DEBUG Attempting to bind parameter 'model' of type 'Common_Layer.RequestModel.RegisterModel' ...
2024-03-01 17:55:23.4367 DEBUG Attempting to bind parameter 'model' of type 'Common_Layer.RequestModel.RegisterModel' using the name '' in request data ...
2024-03-01 17:55:23.4367 DEBUG Selected input formatter 'Microsoft.AspNetCore.Mvc.Formatters.SystemTextJsonInputFormatter' for content type 'application/json'.
2024-03-01 17:55:23.4690 DEBUG JSON input formatter succeeded, deserializing to type 'Common_Layer.RequestModel.RegisterModel'
2024-03-01 17:55:23.4690 DEBUG Done attempting to bind parameter 'model' of type 'Common_Layer.RequestModel.RegisterModel'.
2024-03-01 17:55:23.4690 DEBUG Done attempting to bind parameter 'model' of type 'Common_Layer.RequestModel.RegisterModel'.
2024-03-01 17:55:23.4690 DEBUG Attempting to validate the bound parameter 'model' of type 'Common_Layer.RequestModel.RegisterModel' ...
2024-03-01 17:55:23.4690 DEBUG Done attempting to validate the bound parameter 'model' of type 'Common_Layer.RequestModel.RegisterModel'.
2024-03-01 17:55:25.2518 INFO Entity Framework Core 3.1.0 initialized 'EntityContext' using provider 'Microsoft.EntityFrameworkCore.SqlServer' with options: None
2024-03-01 17:55:25.8839 DEBUG queryContext => new QueryingEnumerable<UserEntity>(
    (RelationalQueryContext)queryContext, 
    RelationalCommandCache, 
    null, 
    null, 
    Func<QueryContext, DbDataReader, ResultContext, int[], ResultCoordinator, UserEntity>, 
    Repository_Layer.Context.EntityContext, 
    DiagnosticsLogger<Query>
)
    .SingleOrDefault()
2024-03-01 17:55:25.9689 DEBUG Creating DbCommand for 'ExecuteReader'.
2024-03-01 17:55:26.3971 DEBUG Created DbCommand for 'ExecuteReader' (421ms).
2024-03-01 17:55:26.4283 DEBUG Opening connection to database 'FundoNotes' on server 'DESKTOP-82L8RUT'.
2024-03-01 17:55:26.9315 DEBUG Opened connection to database 'FundoNotes' on server 'DESKTOP-82L8RUT'.
2024-03-01 17:55:26.9829 DEBUG Executing DbCommand [Parameters=[@__email_0='?' (Size = 4000)], CommandType='Text', CommandTimeout='30']
SELECT TOP(2) [u].[UserId], [u].[email], [u].[firstname], [u].[lastname], [u].[password]
FROM [UserTable] AS [u]
WHERE [u].[email] = @__email_0
2024-03-01 17:55:27.3703 INFO Executed DbCommand (417ms) [Parameters=[@__email_0='?' (Size = 4000)], CommandType='Text', CommandTimeout='30']
SELECT TOP(2) [u].[UserId], [u].[email], [u].[firstname], [u].[lastname], [u].[password]
FROM [UserTable] AS [u]
WHERE [u].[email] = @__email_0
2024-03-01 17:55:27.4982 DEBUG Context 'EntityContext' started tracking 'UserEntity' entity. Consider using 'DbContextOptionsBuilder.EnableSensitiveDataLogging' to see key values.
2024-03-01 17:55:27.5917 DEBUG A data reader was disposed.
2024-03-01 17:55:27.5917 DEBUG Closing connection to database 'FundoNotes' on server 'DESKTOP-82L8RUT'.
2024-03-01 17:55:27.6146 DEBUG Closed connection to database 'FundoNotes' on server 'DESKTOP-82L8RUT'.
2024-03-01 17:55:27.8807 DEBUG List of registered output formatters, in the following order: Microsoft.AspNetCore.Mvc.Formatters.HttpNoContentOutputFormatter, Microsoft.AspNetCore.Mvc.Formatters.StringOutputFormatter, Microsoft.AspNetCore.Mvc.Formatters.StreamOutputFormatter, Microsoft.AspNetCore.Mvc.Formatters.SystemTextJsonOutputFormatter
2024-03-01 17:55:27.8872 DEBUG No information found on request to perform content negotiation.
2024-03-01 17:55:27.8872 DEBUG Attempting to select an output formatter without using a content type as no explicit content types were specified for the response.
2024-03-01 17:55:27.8872 DEBUG Attempting to select the first formatter in the output formatters list which can write the result.
2024-03-01 17:55:27.8872 DEBUG Selected output formatter 'Microsoft.AspNetCore.Mvc.Formatters.SystemTextJsonOutputFormatter' and content type 'application/json' to write the response.
2024-03-01 17:55:27.8872 INFO Executing ObjectResult, writing value of type 'Common_Layer.ResponseModel.ResponseModel`1[[Repository_Layer.Entity.UserEntity, Repository_Layer, Version=1.0.0.0, Culture=neutral, PublicKeyToken=null]]'.
2024-03-01 17:55:27.9144 INFO Executed action FundoNotes.Controllers.UserController.Registration (FundoNotes) in 4989.6502ms
2024-03-01 17:55:27.9144 INFO Executed endpoint 'FundoNotes.Controllers.UserController.Registration (FundoNotes)'
2024-03-01 17:55:27.9298 DEBUG 'EntityContext' disposed.
2024-03-01 17:55:27.9369 INFO Request finished in 5259.2349ms 400 application/json; charset=utf-8
2024-03-01 17:56:01.8790 INFO Request starting HTTP/2.0 POST https://localhost:44339/api/User/Reg application/json 94
2024-03-01 17:56:01.8952 DEBUG AuthenticationScheme: Bearer was not authenticated.
2024-03-01 17:56:01.8952 DEBUG POST requests are not supported
2024-03-01 17:56:01.9038 DEBUG 1 candidate(s) found for the request path '/api/User/Reg'
2024-03-01 17:56:01.9038 DEBUG Endpoint 'FundoNotes.Controllers.UserController.Registration (FundoNotes)' with route pattern 'api/User/Reg' is valid for the request path '/api/User/Reg'
2024-03-01 17:56:01.9038 DEBUG Request matched endpoint 'FundoNotes.Controllers.UserController.Registration (FundoNotes)'
2024-03-01 17:56:01.9038 INFO Executing endpoint 'FundoNotes.Controllers.UserController.Registration (FundoNotes)'
2024-03-01 17:56:01.9038 INFO Route matched with {action = "Registration", controller = "User"}. Executing controller action with signature Microsoft.AspNetCore.Mvc.ActionResult Registration(Common_Layer.RequestModel.RegisterModel) on controller FundoNotes.Controllers.UserController (FundoNotes).
2024-03-01 17:56:01.9038 DEBUG Execution plan of authorization filters (in the following order): None
2024-03-01 17:56:01.9038 DEBUG Execution plan of resource filters (in the following order): None
2024-03-01 17:56:01.9038 DEBUG Execution plan of action filters (in the following order): Microsoft.AspNetCore.Mvc.ModelBinding.UnsupportedContentTypeFilter (Order: -3000), Microsoft.AspNetCore.Mvc.Infrastructure.ModelStateInvalidFilter (Order: -2000)
2024-03-01 17:56:01.9038 DEBUG Execution plan of exception filters (in the following order): None
2024-03-01 17:56:01.9038 DEBUG Execution plan of result filters (in the following order): Microsoft.AspNetCore.Mvc.Infrastructure.ClientErrorResultFilter (Order: -2000)
2024-03-01 17:56:01.9038 DEBUG Executing controller factory for controller FundoNotes.Controllers.UserController (FundoNotes)
2024-03-01 17:56:01.9205 DEBUG Executed controller factory for controller FundoNotes.Controllers.UserController (FundoNotes)
2024-03-01 17:56:01.9409 DEBUG Attempting to bind parameter 'model' of type 'Common_Layer.RequestModel.RegisterModel' ...
2024-03-01 17:56:01.9409 DEBUG Attempting to bind parameter 'model' of type 'Common_Layer.RequestModel.RegisterModel' using the name '' in request data ...
2024-03-01 17:56:01.9409 DEBUG Selected input formatter 'Microsoft.AspNetCore.Mvc.Formatters.SystemTextJsonInputFormatter' for content type 'application/json'.
2024-03-01 17:56:01.9409 DEBUG JSON input formatter succeeded, deserializing to type 'Common_Layer.RequestModel.RegisterModel'
2024-03-01 17:56:01.9409 DEBUG Done attempting to bind parameter 'model' of type 'Common_Layer.RequestModel.RegisterModel'.
2024-03-01 17:56:01.9409 DEBUG Done attempting to bind parameter 'model' of type 'Common_Layer.RequestModel.RegisterModel'.
2024-03-01 17:56:01.9409 DEBUG Attempting to validate the bound parameter 'model' of type 'Common_Layer.RequestModel.RegisterModel' ...
2024-03-01 17:56:01.9409 DEBUG Done attempting to validate the bound parameter 'model' of type 'Common_Layer.RequestModel.RegisterModel'.
2024-03-01 17:56:02.0235 INFO Entity Framework Core 3.1.0 initialized 'EntityContext' using provider 'Microsoft.EntityFrameworkCore.SqlServer' with options: None
2024-03-01 17:56:02.0235 DEBUG Creating DbCommand for 'ExecuteReader'.
2024-03-01 17:56:02.0235 DEBUG Created DbCommand for 'ExecuteReader' (0ms).
2024-03-01 17:56:02.0235 DEBUG Opening connection to database 'FundoNotes' on server 'DESKTOP-82L8RUT'.
2024-03-01 17:56:02.0366 DEBUG Opened connection to database 'FundoNotes' on server 'DESKTOP-82L8RUT'.
2024-03-01 17:56:02.0366 DEBUG Executing DbCommand [Parameters=[@__email_0='?' (Size = 4000)], CommandType='Text', CommandTimeout='30']
SELECT TOP(2) [u].[UserId], [u].[email], [u].[firstname], [u].[lastname], [u].[password]
FROM [UserTable] AS [u]
WHERE [u].[email] = @__email_0
2024-03-01 17:56:02.0710 INFO Executed DbCommand (34ms) [Parameters=[@__email_0='?' (Size = 4000)], CommandType='Text', CommandTimeout='30']
SELECT TOP(2) [u].[UserId], [u].[email], [u].[firstname], [u].[lastname], [u].[password]
FROM [UserTable] AS [u]
WHERE [u].[email] = @__email_0
2024-03-01 17:56:02.0710 DEBUG A data reader was disposed.
2024-03-01 17:56:02.0710 DEBUG Closing connection to database 'FundoNotes' on server 'DESKTOP-82L8RUT'.
2024-03-01 17:56:02.0721 DEBUG Closed connection to database 'FundoNotes' on server 'DESKTOP-82L8RUT'.
2024-03-01 17:56:02.0721 INFO Registration Successful
2024-03-01 17:56:03.4959 DEBUG 'EntityContext' generated a temporary value for the 'UserId' property of new 'UserEntity' entity. Consider using 'DbContextOptionsBuilder.EnableSensitiveDataLogging' to see key values.
2024-03-01 17:56:03.5366 DEBUG Context 'EntityContext' started tracking 'UserEntity' entity. Consider using 'DbContextOptionsBuilder.EnableSensitiveDataLogging' to see key values.
2024-03-01 17:56:03.5366 DEBUG SaveChanges starting for 'EntityContext'.
2024-03-01 17:56:03.5477 DEBUG DetectChanges starting for 'EntityContext'.
2024-03-01 17:56:03.5838 DEBUG DetectChanges completed for 'EntityContext'.
2024-03-01 17:56:03.6079 DEBUG Opening connection to database 'FundoNotes' on server 'DESKTOP-82L8RUT'.
2024-03-01 17:56:03.6079 DEBUG Opened connection to database 'FundoNotes' on server 'DESKTOP-82L8RUT'.
2024-03-01 17:56:03.6079 DEBUG Beginning transaction with isolation level 'Unspecified'.
2024-03-01 17:56:03.6408 DEBUG Began transaction with isolation level 'ReadCommitted'.
2024-03-01 17:56:03.8032 DEBUG Creating DbCommand for 'ExecuteReader'.
2024-03-01 17:56:03.8032 DEBUG Created DbCommand for 'ExecuteReader' (0ms).
2024-03-01 17:56:03.8080 DEBUG Executing DbCommand [Parameters=[@p0='?' (Size = 4000), @p1='?' (Size = 4000), @p2='?' (Size = 4000), @p3='?' (Size = 4000)], CommandType='Text', CommandTimeout='30']
SET NOCOUNT ON;
INSERT INTO [UserTable] ([email], [firstname], [lastname], [password])
VALUES (@p0, @p1, @p2, @p3);
SELECT [UserId]
FROM [UserTable]
WHERE @@ROWCOUNT = 1 AND [UserId] = scope_identity();
2024-03-01 17:56:03.9149 INFO Executed DbCommand (107ms) [Parameters=[@p0='?' (Size = 4000), @p1='?' (Size = 4000), @p2='?' (Size = 4000), @p3='?' (Size = 4000)], CommandType='Text', CommandTimeout='30']
SET NOCOUNT ON;
INSERT INTO [UserTable] ([email], [firstname], [lastname], [password])
VALUES (@p0, @p1, @p2, @p3);
SELECT [UserId]
FROM [UserTable]
WHERE @@ROWCOUNT = 1 AND [UserId] = scope_identity();
2024-03-01 17:56:03.9575 DEBUG Foreign key property 'UserEntity.UserId' detected as changed. Consider using 'DbContextOptionsBuilder.EnableSensitiveDataLogging' to see property values.
2024-03-01 17:56:03.9733 DEBUG A data reader was disposed.
2024-03-01 17:56:03.9733 DEBUG Committing transaction.
2024-03-01 17:56:03.9884 DEBUG Committing transaction.
2024-03-01 17:56:03.9884 DEBUG Closing connection to database 'FundoNotes' on server 'DESKTOP-82L8RUT'.
2024-03-01 17:56:03.9884 DEBUG Closed connection to database 'FundoNotes' on server 'DESKTOP-82L8RUT'.
2024-03-01 17:56:03.9884 DEBUG Disposing transaction.
2024-03-01 17:56:04.0270 DEBUG An 'UserEntity' entity tracked by 'EntityContext' changed from 'Added' to 'Unchanged'. Consider using 'DbContextOptionsBuilder.EnableSensitiveDataLogging' to see key values.
2024-03-01 17:56:04.0270 DEBUG SaveChanges completed for 'EntityContext' with 1 entities written to the database.
2024-03-01 17:56:04.0347 DEBUG List of registered output formatters, in the following order: Microsoft.AspNetCore.Mvc.Formatters.HttpNoContentOutputFormatter, Microsoft.AspNetCore.Mvc.Formatters.StringOutputFormatter, Microsoft.AspNetCore.Mvc.Formatters.StreamOutputFormatter, Microsoft.AspNetCore.Mvc.Formatters.SystemTextJsonOutputFormatter
2024-03-01 17:56:04.0423 DEBUG No information found on request to perform content negotiation.
2024-03-01 17:56:04.0423 DEBUG Attempting to select an output formatter without using a content type as no explicit content types were specified for the response.
2024-03-01 17:56:04.0423 DEBUG Attempting to select the first formatter in the output formatters list which can write the result.
2024-03-01 17:56:04.0423 DEBUG Selected output formatter 'Microsoft.AspNetCore.Mvc.Formatters.SystemTextJsonOutputFormatter' and content type 'application/json' to write the response.
2024-03-01 17:56:04.0423 INFO Executing ObjectResult, writing value of type 'Common_Layer.ResponseModel.ResponseModel`1[[Repository_Layer.Entity.UserEntity, Repository_Layer, Version=1.0.0.0, Culture=neutral, PublicKeyToken=null]]'.
2024-03-01 17:56:04.0606 INFO Executed action FundoNotes.Controllers.UserController.Registration (FundoNotes) in 2152.3123ms
2024-03-01 17:56:04.0606 INFO Executed endpoint 'FundoNotes.Controllers.UserController.Registration (FundoNotes)'
2024-03-01 17:56:04.0606 DEBUG 'EntityContext' disposed.
2024-03-01 17:56:04.0606 INFO Request finished in 2183.3152ms 200 application/json; charset=utf-8
